"../../../../../ggj19/Content/Core/MyGameInstance.uasset" 0
"../../../Engine/Content/Functions/Engine_MaterialFunctions01/Opacity/CameraDepthFade.uasset" 1
"../../../Engine/Content/EngineMaterials/T_Default_Material_Grid_M.uasset" 2
"../../../Engine/Content/EngineMaterials/T_Default_Material_Grid_N.uasset" 3
"../../../Engine/Content/EngineMaterials/WorldGridMaterial.uasset" 4
"../../../Engine/Content/ArtTools/RenderToTexture/Meshes/S_1_Unit_Plane.uasset" 5
"../../../Engine/Content/EngineMaterials/DefaultMaterial.uasset" 6
"../../../Engine/Content/BasicShapes/Cone.uasset" 7
"../../../Engine/Content/BasicShapes/Cylinder.uasset" 8
"../../../Engine/Content/BasicShapes/Plane.uasset" 9
"../../../Engine/Content/BasicShapes/Sphere.uasset" 10
"../../../Engine/Content/EngineDamageTypes/DmgTypeBP_Environmental.uasset" 11
"../../../Engine/Content/EngineDebugMaterials/HeatmapGradient.uasset" 12
"../../../Engine/Content/EngineDebugMaterials/BoneWeightMaterial.uasset" 13
"../../../Engine/Content/EngineDebugMaterials/ClothMaterial.uasset" 14
"../../../Engine/Content/EngineDebugMaterials/ClothMaterial_WF.uasset" 15
"../../../Engine/Content/EngineDebugMaterials/DebugEditorMaterial.uasset" 16
"../../../Engine/Content/EngineDebugMaterials/DebugMeshMaterial.uasset" 17
"../../../Engine/Content/EngineDebugMaterials/GeomMaterial.uasset" 18
"../../../Engine/Content/EngineDebugMaterials/M_SimpleTranslucent.uasset" 19
"../../../Engine/Content/EngineFonts/Faces/RobotoBold.uasset" 20
"../../../Engine/Content/EngineFonts/Faces/RobotoBoldItalic.uasset" 21
"../../../Engine/Content/EngineFonts/Faces/RobotoItalic.uasset" 22
"../../../Engine/Content/EngineFonts/Faces/RobotoLight.uasset" 23
"../../../Engine/Content/EngineFonts/Faces/RobotoRegular.uasset" 24
"../../../Engine/Content/EngineFonts/Roboto.uasset" 25
"../../../Engine/Content/EngineFonts/Faces/RobotoTiny.uasset" 26
"../../../Engine/Content/EngineFonts/RobotoTiny.uasset" 27
"../../../Engine/Content/EngineMaterials/BaseFlattenDiffuseMap.uasset" 28
"../../../Engine/Content/EngineMaterials/BaseFlattenEmissiveMap.uasset" 29
"../../../Engine/Content/EngineMaterials/BaseFlattenGrayscaleMap.uasset" 30
"../../../Engine/Content/EngineMaterials/BaseFlattenNormalMap.uasset" 31
"../../../Engine/Content/EngineMaterials/BaseFlattenMaterial.uasset" 32
"../../../Engine/Content/EngineMaterials/DefaultBloomKernel.uasset" 33
"../../../Engine/Content/EngineMaterials/DefaultBokeh.uasset" 34
"../../../Engine/Content/EngineMaterials/DefaultDiffuse.uasset" 35
"../../../Engine/Content/EngineMaterials/DefaultDeferredDecalMaterial.uasset" 36
"../../../Engine/Content/EngineMaterials/DefaultLightFunctionMaterial.uasset" 37
"../../../Engine/Content/Functions/Engine_MaterialFunctions02/Utility/BreakOutFloat2Components.uasset" 38
"../../../Engine/Content/EngineMaterials/DefaultPostProcessMaterial.uasset" 39
"../../../Engine/Content/EngineFonts/RobotoDistanceField.uasset" 40
"../../../Engine/Content/EngineMaterials/DefaultTextMaterialOpaque.uasset" 41
"../../../Engine/Content/EngineMaterials/DefaultWhiteGrid.uasset" 42
"../../../Engine/Content/EngineMaterials/EditorBrushMaterial.uasset" 43
"../../../Engine/Content/EngineMaterials/Good64x64TilingNoiseHighFreq.uasset" 44
"../../../Engine/Content/EngineMaterials/MiniFont.uasset" 45
"../../../Engine/Content/EngineMaterials/InvalidLightmapSettings.uasset" 46
"../../../Engine/Content/EngineMaterials/M_InvalidLightmapSettings.uasset" 47
"../../../Engine/Content/Functions/Engine_MaterialFunctions02/WorldPositionOffset/CameraOffset.uasset" 48
"../../../Engine/Content/EngineMaterials/PhAT_JointLimitMaterial.uasset" 49
"../../../Engine/Content/EngineMaterials/PreintegratedSkinBRDF.uasset" 50
"../../../Engine/Content/EngineMaterials/RemoveSurfaceMaterial.uasset" 51
"../../../Engine/Content/EngineMaterials/WeightMapPlaceholderTexture.uasset" 52
"../../../Engine/Content/EngineResources/WhiteSquareTexture.uasset" 53
"../../../Engine/Content/EngineMaterials/Widget3DPassThrough.uasset" 54
"../../../Engine/Content/EngineMaterials/Widget3DPassThrough_Masked.uasset" 55
"../../../Engine/Content/EngineMaterials/Widget3DPassThrough_Opaque.uasset" 56
"../../../Engine/Content/EngineMaterials/Widget3DPassThrough_Masked_OneSided.uasset" 57
"../../../Engine/Content/EngineMaterials/Widget3DPassThrough_Opaque_OneSided.uasset" 58
"../../../Engine/Content/EngineMaterials/Widget3DPassThrough_Translucent.uasset" 59
"../../../Engine/Content/EngineMaterials/Widget3DPassThrough_Translucent_OneSided.uasset" 60
"../../../Engine/Content/EngineMeshes/Cylinder.uasset" 61
"../../../Engine/Content/EngineMeshes/Sphere.uasset" 62
"../../../Engine/Content/EngineResources/Black.uasset" 63
"../../../Engine/Content/EngineResources/DefaultTexture.uasset" 64
"../../../Engine/Content/EngineResources/DefaultTextureCube.uasset" 65
"../../../Engine/Content/EngineResources/DefaultVolumeTexture2D.uasset" 66
"../../../Engine/Content/EngineResources/DefaultVolumeTexture.uasset" 67
"../../../Engine/Content/EngineResources/GradientTexture0.uasset" 68
"../../../Engine/Content/EngineSounds/Master.uasset" 69
"../../../Engine/Content/Functions/Engine_MaterialFunctions01/Shading/ConvertFromDiffSpec.uasset" 70
"../../../Engine/Content/Functions/Engine_MaterialFunctions01/Shading/PowerToRoughness.uasset" 71
"../../../Engine/Content/Maps/Templates/Thumbnails/Default.uasset" 72
"../../../Engine/Content/Maps/Templates/Thumbnails/VR-Basic.uasset" 73
"../../../Engine/Content/MobileResources/T_MobileControls_texture.uasset" 74
"../../../Engine/Content/MobileResources/T_MobileMenu2.uasset" 75
"../../../Engine/Content/MobileResources/HUD/AnalogHat.uasset" 76
"../../../Engine/Content/MobileResources/HUD/VirtualJoystick_Background.uasset" 77
"../../../Engine/Content/MobileResources/HUD/VirtualJoystick_Thumb.uasset" 78
"../../../Engine/Content/MobileResources/HUD/DefaultVirtualJoysticks.uasset" 79
"../../../Engine/Content/MobileResources/HUD/LeftVirtualJoystickOnly.uasset" 80
"../../../Engine/Content/MobileResources/HUD/MobileHUDButton1_off.uasset" 81
"../../../Engine/Content/MobileResources/HUD/MobileHUDButton1_on.uasset" 82
"../../../Engine/Content/MobileResources/HUD/MobileHUDButton2_off.uasset" 83
"../../../Engine/Content/MobileResources/HUD/MobileHUDButton2_on.uasset" 84
"../../../Engine/Content/MobileResources/HUD/MobileHUDButton3.uasset" 85
"../../../Engine/Content/MobileResources/HUD/MobileHUDButtonFire.uasset" 86
"../../../Engine/Content/MobileResources/HUD/MobileHUDDirectionPad.uasset" 87
"../../../Engine/Content/MobileResources/HUD/MobileHUDDirectionPad2.uasset" 88
"../../../Engine/Content/MobileResources/HUD/MobileHUDDirectionPad3.uasset" 89
"../../../Engine/Content/MobileResources/HUD/MobileHUDDirectionStick.uasset" 90
"../../../Engine/Content/MobileResources/HUD/T_Castle_ThumbstickInner.uasset" 91
"../../../Engine/Content/MobileResources/HUD/T_Castle_ThumbstickOutter.uasset" 92
"../../../Engine/Content/Tutorial/ContentIntroCurve.uasset" 93
"../../../Engine/Content/Tutorial/Foliage/TutorialAssets/Foliage.uasset" 94
"../../Plugins/2D/Paper2D/Content/PlaceholderTextures/DummySpriteTexture.uasset" 95
"../../Plugins/2D/Paper2D/Content/DummySprite.uasset" 96
"../../Plugins/2D/Paper2D/Content/DefaultPaperTerrainMaterial.uasset" 97
"../../Plugins/2D/Paper2D/Content/DefaultSpriteMaterial.uasset" 98
"../../Plugins/2D/Paper2D/Content/MaskedUnlitSpriteMaterial.uasset" 99
"../../Plugins/2D/Paper2D/Content/OpaqueUnlitSpriteMaterial.uasset" 100
"../../Plugins/Runtime/Oculus/OculusVR/Content/Materials/PokeAHoleMaterial.uasset" 101
"../../Plugins/Runtime/Oculus/OculusVR/Content/Textures/GearVRController_AO.uasset" 102
"../../Plugins/Runtime/Oculus/OculusVR/Content/Textures/GearVRController_Color.uasset" 103
"../../Plugins/Runtime/Oculus/OculusVR/Content/Textures/GearVRController_Normal.uasset" 104
"../../Plugins/Runtime/Oculus/OculusVR/Content/Materials/GearVRControllerMaterial.uasset" 105
"../../Plugins/Runtime/Oculus/OculusVR/Content/Meshes/GearVrController.uasset" 106
"../../Plugins/Runtime/Oculus/OculusVR/Content/Textures/touchController_albedo.uasset" 107
"../../Plugins/Runtime/Oculus/OculusVR/Content/Textures/touchController_controlmap.uasset" 108
"../../Plugins/Runtime/Oculus/OculusVR/Content/Materials/touchController_mat.uasset" 109
"../../Plugins/Runtime/Oculus/OculusVR/Content/Meshes/LeftTouchController.uasset" 110
"../../Plugins/Runtime/Oculus/OculusVR/Content/Meshes/RiftHMD.uasset" 111
"../../Plugins/Runtime/Oculus/OculusVR/Content/Meshes/RightTouchController.uasset" 112
"../../../../../ggj19/Content/UI/Derps/Derp-0.uasset" 113
"../../../../../ggj19/Content/UI/Derps/Derp1.uasset" 114
"../../../../../ggj19/Content/UI/Derps/derp2.uasset" 115
"../../../../../ggj19/Content/UI/Derps/derp3.uasset" 116
"../../../../../ggj19/Content/UI/Derps/derp4.uasset" 117
"../../../../../ggj19/Content/UI/Derps/toilet.uasset" 118
"../../../../../ggj19/Content/UI/Kevin_MacLeod___Merry_Go.uasset" 119
"../../../../../ggj19/Content/UI/Kevin_MacLeod___Merry_Go_Cue.uasset" 120
"../../../../../ggj19/Content/UI/IntroUI.uasset" 121
"../../../../../ggj19/Content/Maps/Intro_p.umap" 122
"../../../../../ggj19/Content/Core/IMyGameMode.uasset" 123
"../../../../../ggj19/Content/Core/MyPlayerController.uasset" 124
"../../../../../ggj19/Content/UI/Dark_Souls_-_You_Died_Sound_Effect.uasset" 125
"../../../../../ggj19/Content/UI/Dark_Souls_-_You_Died_Sound_Effect_Cue.uasset" 126
"../../../../../ggj19/Content/UI/Initial_D_-_Deja_Vu.uasset" 127
"../../../../../ggj19/Content/UI/Initial_D_-_Deja_Vu_Cue.uasset" 128
"../../../../../ggj19/Content/UI/Kids_Saying_Yay__Sound_Effect.uasset" 129
"../../../../../ggj19/Content/UI/Kids_Saying_Yay__Sound_Effect_Cue.uasset" 130
"../../../../../ggj19/Content/UI/OptimusPrincepsSemiBold.uasset" 131
"../../../../../ggj19/Content/UI/OptimusPrincepsSemiBold_Font.uasset" 132
"../../../../../ggj19/Content/UI/bubbles.uasset" 133
"../../../../../ggj19/Content/UI/FillMat.uasset" 134
"../../../../../ggj19/Content/UI/Satisfied-Seal.uasset" 135
"../../../../../ggj19/Content/UI/UI.uasset" 136
"../../../../../ggj19/Content/Core/MyGameMode.uasset" 137
"../../../../../ggj19/Content/Geometry/Car/Metal_Rusted_006_COLOR.uasset" 138
"../../../../../ggj19/Content/Geometry/Car/Metal_Rusted_006_NRM.uasset" 139
"../../../../../ggj19/Content/Geometry/Car/Material.uasset" 140
"../../../../../ggj19/Content/Geometry/Car/Abstract_005_NORM.uasset" 141
"../../../../../ggj19/Content/Geometry/Car/Material_001.uasset" 142
"../../../../../ggj19/Content/Geometry/Car/car3.uasset" 143
"../../../../../ggj19/Content/Geometry/Car/car3_DM.uasset" 144
"../../../../../ggj19/Content/Core/PlayerObjects/DestructibleCar.uasset" 145
"../../../../../ggj19/Content/Core/RoadsObjects/IRoad.uasset" 146
"../../../../../ggj19/Content/Geometry/Car/RedLightMat.uasset" 147
"../../../Engine/Content/BasicShapes/Cube.uasset" 148
"../../../../../ggj19/Content/Core/PlayerObjects/boom.uasset" 149
"../../../../../ggj19/Content/Core/PlayerObjects/boom_Cue.uasset" 150
"../../../../../ggj19/Content/Core/PlayerObjects/cardrive.uasset" 151
"../../../../../ggj19/Content/Core/PlayerObjects/cardrive_Cue.uasset" 152
"../../../../../ggj19/Content/Core/PlayerObjects/carstand.uasset" 153
"../../../../../ggj19/Content/Core/PlayerObjects/carstand_Cue.uasset" 154
"../../../Engine/Content/Functions/Engine_MaterialFunctions01/Density/ExponentialDensity.uasset" 155
"../../../Engine/Content/Functions/Engine_MaterialFunctions01/Gradient/RadialGradientExponential.uasset" 156
"../../../../../ggj19/Content/Core/PlayerObjects/SmokeMat.uasset" 157
"../../../../../ggj19/Content/Core/PlayerObjects/SmokePart.uasset" 158
"../../../../../ggj19/Content/FXVarietyPack/Textures/T_ky_noise6.uasset" 159
"../../../../../ggj19/Content/FXVarietyPack/Textures/T_ky_smoke1.uasset" 160
"../../../../../ggj19/Content/FXVarietyPack/Materials/M_ky_smoke01.uasset" 161
"../../../../../ggj19/Content/FXVarietyPack/Textures/T_ky_flare_a.uasset" 162
"../../../../../ggj19/Content/FXVarietyPack/Materials/M_ky_flare_flash.uasset" 163
"../../../../../ggj19/Content/FXVarietyPack/Materials/MI_ky_flare_flash_trs.uasset" 164
"../../../../../ggj19/Content/FXVarietyPack/Materials/Mfunction/MF_ky_VectorToRadialValue.uasset" 165
"../../../../../ggj19/Content/FXVarietyPack/Textures/T_ky_decoLines.uasset" 166
"../../../../../ggj19/Content/FXVarietyPack/Textures/T_ky_decoLinesB.uasset" 167
"../../../../../ggj19/Content/FXVarietyPack/Materials/M_ky_polar.uasset" 168
"../../../../../ggj19/Content/FXVarietyPack/Materials/MI_ky_polar_two.uasset" 169
"../../../Engine/Content/Functions/Engine_MaterialFunctions02/Fresnel_Function.uasset" 170
"../../../../../ggj19/Content/FXVarietyPack/Materials/M_ky_primitive.uasset" 171
"../../../../../ggj19/Content/FXVarietyPack/Materials/MI_ky_primitive2b_trs.uasset" 172
"../../../../../ggj19/Content/FXVarietyPack/Materials/M_ky_primitive_dyn2.uasset" 173
"../../../../../ggj19/Content/FXVarietyPack/Materials/MI_ky_primitive_dynB_two.uasset" 174
"../../../../../ggj19/Content/FXVarietyPack/Textures/T_ky_dist_noise.uasset" 175
"../../../../../ggj19/Content/FXVarietyPack/Textures/T_ky_smoke_kai.uasset" 176
"../../../../../ggj19/Content/FXVarietyPack/Materials/M_ky_base_turbulence.uasset" 177
"../../../../../ggj19/Content/FXVarietyPack/Materials/MI_ky_turbulence_smoke2d_trs.uasset" 178
"../../../../../ggj19/Content/FXVarietyPack/Meshes/SM_ky_quad_centerRot.uasset" 179
"../../../../../ggj19/Content/FXVarietyPack/Particles/P_ky_explosion.uasset" 180
"../../../../../ggj19/Content/Geometry/Car/car2.uasset" 181
"../../../../../ggj19/Content/Core/PlayerObjects/MyPlayer.uasset" 182
"../../../Engine/Content/EngineSky/C_Sky_Cloud_Color.uasset" 183
"../../../Engine/Content/EngineSky/C_Sky_Horizon_Color.uasset" 184
"../../../Engine/Content/EngineSky/C_Sky_Zenith_Color.uasset" 185
"../../../Engine/Content/EngineSky/T_Sky_Blue.uasset" 186
"../../../Engine/Content/EngineSky/T_Sky_Clouds_M.uasset" 187
"../../../Engine/Content/EngineSky/T_Sky_Stars.uasset" 188
"../../../Engine/Content/EngineSky/M_Sky_Panning_Clouds2.uasset" 189
"../../../Engine/Content/EngineSky/SM_SkySphere.uasset" 190
"../../../Engine/Content/EngineSky/BP_Sky_Sphere.uasset" 191
"../../../../../ggj19/Content/Geometry/Home/Stone_Wall_008_COLOR.uasset" 192
"../../../../../ggj19/Content/Geometry/Home/Stone_Wall_008_NORM.uasset" 193
"../../../../../ggj19/Content/Geometry/Home/ChimneyMat.uasset" 194
"../../../../../ggj19/Content/Geometry/Home/Brick_Wall_014_COLOR.uasset" 195
"../../../../../ggj19/Content/Geometry/Home/Brick_Wall_014_NORM.uasset" 196
"../../../../../ggj19/Content/Geometry/Home/HomeMat.uasset" 197
"../../../../../ggj19/Content/Geometry/Home/Shingles_Wood_Stylized_001_baseColor.uasset" 198
"../../../../../ggj19/Content/Geometry/Home/Shingles_Wood_Stylized_001_normal.uasset" 199
"../../../../../ggj19/Content/Geometry/Home/RoofMat.uasset" 200
"../../../../../ggj19/Content/Geometry/Home/home.uasset" 201
"../../../../../ggj19/Content/Core/HomeObjects/Home.uasset" 202
"../../../../../ggj19/Content/Core/HomeObjects/IHomeBeacon.uasset" 203
"../../../../../ggj19/Content/Core/HomeObjects/HomeDecalTex.uasset" 204
"../../../../../ggj19/Content/Core/HomeObjects/HomeDecal.uasset" 205
"../../../../../ggj19/Content/Core/HomeObjects/HomeBeacon.uasset" 206
"../../../../../ggj19/Content/Geometry/Roads/Bark_001_COLOR.uasset" 207
"../../../../../ggj19/Content/Geometry/Roads/Bark_001_NORM.uasset" 208
"../../../../../ggj19/Content/Geometry/Roads/BlockerMAt1.uasset" 209
"../../../../../ggj19/Content/Geometry/Roads/barricade.uasset" 210
"../../../../../ggj19/Content/Geometry/Roads/BlockerMat2.uasset" 211
"../../../../../ggj19/Content/Geometry/Roads/blocker.uasset" 212
"../../../../../ggj19/Content/Core/RoadsObjects/Blocker.uasset" 213
"../../../../../ggj19/Content/ExampleContent/Landscapes/Textures/T_ForestGround_D.uasset" 214
"../../../../../ggj19/Content/ExampleContent/Landscapes/Textures/T_Noise_N.uasset" 215
"../../../../../ggj19/Content/ExampleContent/Landscapes/Materials/M_Rock.uasset" 216
"../../../../../ggj19/Content/ExampleContent/Landscapes/Meshes/SM_Rock.uasset" 217
"../../../../../ggj19/Content/Core/RoadsObjects/BlockerRock.uasset" 218
"../../../../../ggj19/Content/ExampleContent/Landscapes/Materials/M_Dead_Tree.uasset" 219
"../../../../../ggj19/Content/ExampleContent/Landscapes/Meshes/SM_Dead_Tree.uasset" 220
"../../../../../ggj19/Content/Core/RoadsObjects/BlockerTree.uasset" 221
"../../../../../ggj19/Content/Geometry/Roads/Asphalt_001_COLOR.uasset" 222
"../../../../../ggj19/Content/Geometry/Roads/Asphalt_001_NRM.uasset" 223
"../../../../../ggj19/Content/Geometry/Roads/MaterialAsphalt.uasset" 224
"../../../../../ggj19/Content/Geometry/Roads/Concrete_007_COLOR.uasset" 225
"../../../../../ggj19/Content/Geometry/Roads/Concrete_007_NRM.uasset" 226
"../../../../../ggj19/Content/Geometry/Roads/MaterialRoad.uasset" 227
"../../../../../ggj19/Content/Geometry/Roads/roadCross.uasset" 228
"../../../../../ggj19/Content/Core/RoadsObjects/RoadCross.uasset" 229
"../../../../../ggj19/Content/Geometry/Roads/roadstr_M.uasset" 230
"../../../../../ggj19/Content/Core/RoadsObjects/RoadStraight.uasset" 231
"../../../../../ggj19/Content/Geometry/Roads/roatT.uasset" 232
"../../../../../ggj19/Content/Core/RoadsObjects/RoadT.uasset" 233
"../../../../../ggj19/Content/Geometry/Roads/roadturn.uasset" 234
"../../../../../ggj19/Content/Core/RoadsObjects/RoadTurn.uasset" 235
"../../../../../ggj19/Content/Core/RoadsObjects/znak2_tex.uasset" 236
"../../../../../ggj19/Content/Core/RoadsObjects/znak1_tex_Mat.uasset" 237
"../../../../../ggj19/Content/Geometry/Roads/Metal_007_Base_Color.uasset" 238
"../../../../../ggj19/Content/Geometry/Roads/Metal_007_Normal.uasset" 239
"../../../../../ggj19/Content/Core/RoadsObjects/ZnakMetal.uasset" 240
"../../../../../ggj19/Content/Core/RoadsObjects/znak_Cube.uasset" 241
"../../../../../ggj19/Content/Core/RoadsObjects/Material_002.uasset" 242
"../../../../../ggj19/Content/Core/RoadsObjects/znak_Cube_001.uasset" 243
"../../../../../ggj19/Content/Core/RoadsObjects/Znak.uasset" 244
"../../../../../ggj19/Content/Core/RoadsObjects/Znak1.uasset" 245
"../../../../../ggj19/Content/Maps/Main_p_BuiltData.uasset" 246
"../../../../../ggj19/Content/Geometry/Roads/Ground_Grass_001_COLOR.uasset" 247
"../../../../../ggj19/Content/Geometry/Roads/Ground_Grass_001_NORM.uasset" 248
"../../../../../ggj19/Content/Geometry/Roads/SurfaceMat.uasset" 249
"../../../Engine/Content/EngineMaterials/DefaultPhysicalMaterial.uasset" 250
"../../../Engine/Content/MapTemplates/T_ScreenDirt02_w.uasset" 251
"../../../../../ggj19/Content/ExampleContent/Landscapes/Textures/T_GroundGrass_D.uasset" 252
"../../../../../ggj19/Content/ExampleContent/Landscapes/Textures/T_GroundGrass_N.uasset" 253
"../../../../../ggj19/Content/ExampleContent/Landscapes/Materials/M_Tree.uasset" 254
"../../../../../ggj19/Content/ExampleContent/Landscapes/Materials/M_Tree_Inst.uasset" 255
"../../../../../ggj19/Content/ExampleContent/Landscapes/Meshes/SM_Trees.uasset" 256
"../../../Engine/Content/Functions/Engine_MaterialFunctions01/SpeedTree/SpeedTreeColorVariation.uasset" 257
"../../../Engine/Content/Functions/Engine_MaterialFunctions01/WorldPositionOffset/SimpleGrassWind.uasset" 258
"../../../Engine/Content/Functions/Engine_MaterialFunctions02/WorldPositionOffset/ObjectPivotPoint.uasset" 259
"../../../../../ggj19/Content/PN_OpenWorldFoliage/Materials/MaterialCollection.uasset" 260
"../../../../../ggj19/Content/PN_OpenWorldFoliage/Materials/Bending.uasset" 261
"../../../../../ggj19/Content/PN_OpenWorldFoliage/Materials/Interaction.uasset" 262
"../../../../../ggj19/Content/PN_OpenWorldFoliage/Textures/grass_albedo.uasset" 263
"../../../../../ggj19/Content/PN_OpenWorldFoliage/Textures/grass_normal.uasset" 264
"../../../../../ggj19/Content/PN_OpenWorldFoliage/Textures/grass_opacity.uasset" 265
"../../../../../ggj19/Content/PN_OpenWorldFoliage/Textures/grass_spec.uasset" 266
"../../../../../ggj19/Content/PN_OpenWorldFoliage/Materials/MA_OpenWorldFoliage.uasset" 267
"../../../../../ggj19/Content/PN_OpenWorldFoliage/Materials/MI_OpenWorldFoliage.uasset" 268
"../../../../../ggj19/Content/PN_OpenWorldFoliage/Meshes/openWorld_flower_01_01.uasset" 269
"../../../../../ggj19/Content/PN_OpenWorldFoliage/Meshes/openWorld_grass_02_03_02.uasset" 270
"../../../../../ggj19/Content/Rain/RainMat.uasset" 271
"../../../../../ggj19/Content/Rain/RainPart.uasset" 272
"../../../../../ggj19/Content/Maps/Main_p.umap" 273
"../../../Engine/Content/Maps/Entry_BuiltData.uasset" 274
"../../../Engine/Content/Maps/Entry.umap" 275
